<?xml version="1.0" encoding="UTF-8"?>
<!-- Generated by org.testng.reporters.JUnitReportReporter -->
<testsuite hostname="DESKTOP-O949GMR" failures="0" tests="4" name="DummySection14" time="0.035" errors="0" timestamp="2023-10-30T20:18:56 IST" skipped="0">
  <testcase classname="DummySection14" name="streamList" time="0.011"/>
  <testcase classname="DummySection14" name="StreamDemo" time="0.012"/>
  <testcase classname="DummySection14" name="streamOne" time="0.008"/>
  <testcase classname="DummySection14" name="streamLength" time="0.004"/>
</testsuite> <!-- DummySection14 -->
